{"/Users/ivandonato/react-typescript-mobx-todo-tdd/src/components/App.tsx": {"path":"/Users/ivandonato/react-typescript-mobx-todo-tdd/src/components/App.tsx","statementMap":{"0":{"start":{"line":1,"column":0},"end":{"line":1,"column":26}},"1":{"start":{"line":2,"column":0},"end":{"line":2,"column":43}},"2":{"start":{"line":3,"column":0},"end":{"line":3,"column":43}},"3":{"start":{"line":5,"column":37},"end":{"line":7,"column":1}},"4":{"start":{"line":6,"column":2},"end":{"line":6,"column":22}},"5":{"start":{"line":9,"column":0},"end":{"line":9,"column":29}}},"fnMap":{"0":{"name":"(anonymous_1)","decl":{"start":{"line":5,"column":37},"end":{"line":5,"column":40}},"loc":{"start":{"line":5,"column":42},"end":{"line":7,"column":1}}}},"branchMap":{},"s":{"0":1,"1":1,"2":1,"3":1,"4":1,"5":1},"f":{"0":1},"b":{}}
,"/Users/ivandonato/react-typescript-mobx-todo-tdd/src/components/todo/TodoComponent.tsx": {"path":"/Users/ivandonato/react-typescript-mobx-todo-tdd/src/components/todo/TodoComponent.tsx","statementMap":{"0":{"start":{"line":1,"column":0},"end":{"line":1,"column":40}},"1":{"start":{"line":8,"column":54},"end":{"line":35,"column":1}},"2":{"start":{"line":9,"column":34},"end":{"line":9,"column":49}},"3":{"start":{"line":10,"column":26},"end":{"line":10,"column":38}},"4":{"start":{"line":11,"column":2},"end":{"line":34,"column":4}},"5":{"start":{"line":17,"column":27},"end":{"line":17,"column":50}},"6":{"start":{"line":23,"column":45},"end":{"line":23,"column":63}},"7":{"start":{"line":27,"column":45},"end":{"line":27,"column":62}},"8":{"start":{"line":37,"column":0},"end":{"line":37,"column":29}}},"fnMap":{"0":{"name":"(anonymous_6)","decl":{"start":{"line":8,"column":54},"end":{"line":8,"column":55}},"loc":{"start":{"line":8,"column":67},"end":{"line":35,"column":1}}},"1":{"name":"(anonymous_7)","decl":{"start":{"line":17,"column":20},"end":{"line":17,"column":21}},"loc":{"start":{"line":17,"column":27},"end":{"line":17,"column":50}}},"2":{"name":"(anonymous_8)","decl":{"start":{"line":23,"column":39},"end":{"line":23,"column":42}},"loc":{"start":{"line":23,"column":45},"end":{"line":23,"column":63}}},"3":{"name":"(anonymous_9)","decl":{"start":{"line":27,"column":39},"end":{"line":27,"column":42}},"loc":{"start":{"line":27,"column":45},"end":{"line":27,"column":62}}}},"branchMap":{"0":{"loc":{"start":{"line":14,"column":8},"end":{"line":17,"column":null}},"type":"cond-expr","locations":[{"start":{"line":14,"column":8},"end":{"line":17,"column":null}},{"start":{"line":20,"column":8},"end":{"line":20,"column":31}}]},"1":{"loc":{"start":{"line":23,"column":8},"end":{"line":23,"column":null}},"type":"cond-expr","locations":[{"start":{"line":23,"column":8},"end":{"line":23,"column":null}},{"start":{"line":27,"column":8},"end":{"line":27,"column":null}}]}},"s":{"0":3,"1":3,"2":29,"3":29,"4":29,"5":20,"6":1,"7":3,"8":3},"f":{"0":29,"1":20,"2":1,"3":3},"b":{"0":[23,6],"1":[23,6]}}
,"/Users/ivandonato/react-typescript-mobx-todo-tdd/src/components/todoList/TodoList.tsx": {"path":"/Users/ivandonato/react-typescript-mobx-todo-tdd/src/components/todoList/TodoList.tsx","statementMap":{"0":{"start":{"line":1,"column":0},"end":{"line":1,"column":26}},"1":{"start":{"line":2,"column":0},"end":{"line":2,"column":57}},"2":{"start":{"line":3,"column":0},"end":{"line":3,"column":46}},"3":{"start":{"line":4,"column":0},"end":{"line":4,"column":50}},"4":{"start":{"line":6,"column":42},"end":{"line":19,"column":1}},"5":{"start":{"line":7,"column":20},"end":{"line":7,"column":30}},"6":{"start":{"line":9,"column":2},"end":{"line":18,"column":5}},"7":{"start":{"line":10,"column":4},"end":{"line":17,"column":6}},"8":{"start":{"line":14,"column":10},"end":{"line":14,"column":61}},"9":{"start":{"line":21,"column":0},"end":{"line":21,"column":24}}},"fnMap":{"0":{"name":"(anonymous_1)","decl":{"start":{"line":6,"column":42},"end":{"line":6,"column":45}},"loc":{"start":{"line":6,"column":47},"end":{"line":19,"column":1}}},"1":{"name":"(anonymous_2)","decl":{"start":{"line":9,"column":21},"end":{"line":9,"column":24}},"loc":{"start":{"line":9,"column":26},"end":{"line":18,"column":3}}},"2":{"name":"(anonymous_3)","decl":{"start":{"line":13,"column":48},"end":{"line":13,"column":49}},"loc":{"start":{"line":13,"column":57},"end":{"line":15,"column":9}}}},"branchMap":{},"s":{"0":2,"1":2,"2":2,"3":2,"4":2,"5":2,"6":2,"7":2,"8":0,"9":2},"f":{"0":2,"1":2,"2":0},"b":{}}
,"/Users/ivandonato/react-typescript-mobx-todo-tdd/src/stores/rootStore.ts": {"path":"/Users/ivandonato/react-typescript-mobx-todo-tdd/src/stores/rootStore.ts","statementMap":{"0":{"start":{"line":1,"column":0},"end":{"line":1,"column":45}},"1":{"start":{"line":2,"column":0},"end":{"line":2,"column":39}},"2":{"start":{"line":9,"column":4},"end":{"line":9,"column":41}},"3":{"start":{"line":10,"column":4},"end":{"line":10,"column":37}},"4":{"start":{"line":4,"column":0},"end":{"line":4,"column":13}}},"fnMap":{"0":{"name":"(anonymous_0)","decl":{"start":{"line":8,"column":2},"end":{"line":8,"column":null}},"loc":{"start":{"line":8,"column":2},"end":{"line":11,"column":3}}}},"branchMap":{},"s":{"0":9,"1":9,"2":20,"3":20,"4":9},"f":{"0":20},"b":{}}
,"/Users/ivandonato/react-typescript-mobx-todo-tdd/src/stores/data/dataStore.ts": {"path":"/Users/ivandonato/react-typescript-mobx-todo-tdd/src/stores/data/dataStore.ts","statementMap":{"0":{"start":{"line":2,"column":0},"end":{"line":2,"column":46}},"1":{"start":{"line":3,"column":0},"end":{"line":3,"column":46}},"2":{"start":{"line":8,"column":4},"end":{"line":8,"column":46}},"3":{"start":{"line":9,"column":4},"end":{"line":9,"column":46}},"4":{"start":{"line":4,"column":0},"end":{"line":4,"column":13}}},"fnMap":{"0":{"name":"(anonymous_0)","decl":{"start":{"line":7,"column":2},"end":{"line":7,"column":14}},"loc":{"start":{"line":7,"column":34},"end":{"line":10,"column":3}}}},"branchMap":{},"s":{"0":10,"1":10,"2":21,"3":21,"4":10},"f":{"0":21},"b":{}}
,"/Users/ivandonato/react-typescript-mobx-todo-tdd/src/stores/data/todos/todo.ts": {"path":"/Users/ivandonato/react-typescript-mobx-todo-tdd/src/stores/data/todos/todo.ts","statementMap":{"0":{"start":{"line":1,"column":0},"end":{"line":1,"column":42}},"1":{"start":{"line":4,"column":9},"end":{"line":4,"column":10}},"2":{"start":{"line":8,"column":2},"end":{"line":8,"column":20}},"3":{"start":{"line":12,"column":2},"end":{"line":12,"column":22}},"4":{"start":{"line":19,"column":4},"end":{"line":19,"column":23}},"5":{"start":{"line":20,"column":4},"end":{"line":20,"column":25}},"6":{"start":{"line":21,"column":4},"end":{"line":21,"column":31}},"7":{"start":{"line":26,"column":4},"end":{"line":26,"column":23}},"8":{"start":{"line":31,"column":4},"end":{"line":31,"column":41}},"9":{"start":{"line":36,"column":4},"end":{"line":36,"column":42}},"10":{"start":{"line":8,"column":2},"end":{"line":8,"column":null}},"11":{"start":{"line":10,"column":2},"end":{"line":10,"column":null}},"12":{"start":{"line":12,"column":2},"end":{"line":12,"column":null}},"13":{"start":{"line":14,"column":2},"end":{"line":14,"column":null}},"14":{"start":{"line":25,"column":2},"end":{"line":27,"column":null}},"15":{"start":{"line":30,"column":2},"end":{"line":32,"column":null}},"16":{"start":{"line":35,"column":2},"end":{"line":37,"column":null}},"17":{"start":{"line":6,"column":0},"end":{"line":6,"column":13}}},"fnMap":{"0":{"name":"(anonymous_1)","decl":{"start":{"line":18,"column":2},"end":{"line":18,"column":14}},"loc":{"start":{"line":18,"column":65},"end":{"line":22,"column":3}}},"1":{"name":"(anonymous_2)","decl":{"start":{"line":25,"column":2},"end":{"line":25,"column":13}},"loc":{"start":{"line":25,"column":27},"end":{"line":27,"column":3}}},"2":{"name":"(anonymous_3)","decl":{"start":{"line":30,"column":2},"end":{"line":30,"column":19}},"loc":{"start":{"line":30,"column":19},"end":{"line":32,"column":3}}},"3":{"name":"(anonymous_4)","decl":{"start":{"line":35,"column":2},"end":{"line":35,"column":8}},"loc":{"start":{"line":35,"column":8},"end":{"line":37,"column":3}}}},"branchMap":{},"s":{"0":11,"1":11,"2":16,"3":16,"4":16,"5":16,"6":16,"7":1,"8":4,"9":1,"10":11,"11":11,"12":11,"13":11,"14":11,"15":11,"16":11,"17":11},"f":{"0":16,"1":1,"2":4,"3":1},"b":{}}
,"/Users/ivandonato/react-typescript-mobx-todo-tdd/src/stores/data/todos/todoStore.ts": {"path":"/Users/ivandonato/react-typescript-mobx-todo-tdd/src/stores/data/todos/todoStore.ts","statementMap":{"0":{"start":{"line":2,"column":0},"end":{"line":2,"column":30}},"1":{"start":{"line":3,"column":0},"end":{"line":3,"column":40}},"2":{"start":{"line":6,"column":2},"end":{"line":6,"column":20}},"3":{"start":{"line":10,"column":4},"end":{"line":10,"column":31}},"4":{"start":{"line":15,"column":4},"end":{"line":15,"column":50}},"5":{"start":{"line":19,"column":4},"end":{"line":19,"column":66}},"6":{"start":{"line":19,"column":36},"end":{"line":19,"column":56}},"7":{"start":{"line":24,"column":29},"end":{"line":24,"column":48}},"8":{"start":{"line":26,"column":4},"end":{"line":30,"column":null}},"9":{"start":{"line":27,"column":26},"end":{"line":27,"column":57}},"10":{"start":{"line":29,"column":6},"end":{"line":29,"column":33}},"11":{"start":{"line":35,"column":4},"end":{"line":35,"column":66}},"12":{"start":{"line":35,"column":38},"end":{"line":35,"column":64}},"13":{"start":{"line":40,"column":4},"end":{"line":40,"column":65}},"14":{"start":{"line":40,"column":38},"end":{"line":40,"column":63}},"15":{"start":{"line":14,"column":2},"end":{"line":16,"column":null}},"16":{"start":{"line":23,"column":2},"end":{"line":31,"column":null}},"17":{"start":{"line":34,"column":2},"end":{"line":36,"column":null}},"18":{"start":{"line":39,"column":2},"end":{"line":41,"column":null}},"19":{"start":{"line":5,"column":0},"end":{"line":5,"column":13}}},"fnMap":{"0":{"name":"(anonymous_1)","decl":{"start":{"line":9,"column":2},"end":{"line":9,"column":14}},"loc":{"start":{"line":9,"column":34},"end":{"line":11,"column":3}}},"1":{"name":"(anonymous_2)","decl":{"start":{"line":14,"column":2},"end":{"line":14,"column":9}},"loc":{"start":{"line":14,"column":39},"end":{"line":16,"column":3}}},"2":{"name":"(anonymous_3)","decl":{"start":{"line":18,"column":2},"end":{"line":18,"column":9}},"loc":{"start":{"line":18,"column":23},"end":{"line":20,"column":3}}},"3":{"name":"(anonymous_4)","decl":{"start":{"line":19,"column":26},"end":{"line":19,"column":27}},"loc":{"start":{"line":19,"column":36},"end":{"line":19,"column":56}}},"4":{"name":"(anonymous_5)","decl":{"start":{"line":23,"column":2},"end":{"line":23,"column":12}},"loc":{"start":{"line":23,"column":26},"end":{"line":31,"column":3}}},"5":{"name":"(anonymous_6)","decl":{"start":{"line":34,"column":2},"end":{"line":34,"column":6}},"loc":{"start":{"line":34,"column":21},"end":{"line":36,"column":3}}},"6":{"name":"(anonymous_7)","decl":{"start":{"line":35,"column":28},"end":{"line":35,"column":29}},"loc":{"start":{"line":35,"column":38},"end":{"line":35,"column":64}}},"7":{"name":"(anonymous_8)","decl":{"start":{"line":39,"column":2},"end":{"line":39,"column":6}},"loc":{"start":{"line":39,"column":20},"end":{"line":41,"column":3}}},"8":{"name":"(anonymous_9)","decl":{"start":{"line":40,"column":28},"end":{"line":40,"column":29}},"loc":{"start":{"line":40,"column":38},"end":{"line":40,"column":63}}}},"branchMap":{"0":{"loc":{"start":{"line":26,"column":4},"end":{"line":30,"column":null}},"type":"if","locations":[{"start":{"line":26,"column":4},"end":{"line":30,"column":null}},{"start":{"line":26,"column":4},"end":{"line":30,"column":null}}]}},"s":{"0":11,"1":11,"2":35,"3":35,"4":7,"5":4,"6":4,"7":2,"8":2,"9":2,"10":2,"11":1,"12":1,"13":1,"14":1,"15":11,"16":11,"17":11,"18":11,"19":11},"f":{"0":35,"1":7,"2":4,"3":4,"4":2,"5":1,"6":1,"7":1,"8":1},"b":{"0":[2,0]}}
,"/Users/ivandonato/react-typescript-mobx-todo-tdd/src/stores/data/users/user.ts": {"path":"/Users/ivandonato/react-typescript-mobx-todo-tdd/src/stores/data/users/user.ts","statementMap":{"0":{"start":{"line":1,"column":0},"end":{"line":1,"column":44}},"1":{"start":{"line":5,"column":16},"end":{"line":5,"column":17}},"2":{"start":{"line":11,"column":2},"end":{"line":11,"column":23}},"3":{"start":{"line":16,"column":4},"end":{"line":16,"column":21}},"4":{"start":{"line":17,"column":4},"end":{"line":17,"column":31}},"5":{"start":{"line":22,"column":4},"end":{"line":24,"column":6}},"6":{"start":{"line":23,"column":16},"end":{"line":23,"column":43}},"7":{"start":{"line":8,"column":2},"end":{"line":8,"column":null}},"8":{"start":{"line":11,"column":2},"end":{"line":11,"column":null}},"9":{"start":{"line":21,"column":2},"end":{"line":25,"column":null}},"10":{"start":{"line":6,"column":0},"end":{"line":6,"column":13}}},"fnMap":{"0":{"name":"(anonymous_1)","decl":{"start":{"line":15,"column":2},"end":{"line":15,"column":14}},"loc":{"start":{"line":15,"column":48},"end":{"line":18,"column":3}}},"1":{"name":"(anonymous_2)","decl":{"start":{"line":21,"column":2},"end":{"line":21,"column":6}},"loc":{"start":{"line":21,"column":15},"end":{"line":25,"column":3}}},"2":{"name":"(anonymous_3)","decl":{"start":{"line":23,"column":6},"end":{"line":23,"column":7}},"loc":{"start":{"line":23,"column":16},"end":{"line":23,"column":43}}}},"branchMap":{},"s":{"0":10,"1":10,"2":5,"3":5,"4":5,"5":3,"6":3,"7":10,"8":10,"9":10,"10":10},"f":{"0":5,"1":3,"2":3},"b":{}}
,"/Users/ivandonato/react-typescript-mobx-todo-tdd/src/stores/data/users/userStore.ts": {"path":"/Users/ivandonato/react-typescript-mobx-todo-tdd/src/stores/data/users/userStore.ts","statementMap":{"0":{"start":{"line":2,"column":0},"end":{"line":2,"column":30}},"1":{"start":{"line":3,"column":0},"end":{"line":3,"column":30}},"2":{"start":{"line":6,"column":2},"end":{"line":6,"column":20}},"3":{"start":{"line":10,"column":4},"end":{"line":10,"column":31}},"4":{"start":{"line":15,"column":4},"end":{"line":15,"column":51}},"5":{"start":{"line":20,"column":4},"end":{"line":20,"column":64}},"6":{"start":{"line":20,"column":36},"end":{"line":20,"column":54}},"7":{"start":{"line":25,"column":17},"end":{"line":25,"column":35}},"8":{"start":{"line":27,"column":4},"end":{"line":33,"column":null}},"9":{"start":{"line":28,"column":6},"end":{"line":28,"column":54}},"10":{"start":{"line":28,"column":39},"end":{"line":28,"column":52}},"11":{"start":{"line":30,"column":28},"end":{"line":30,"column":51}},"12":{"start":{"line":32,"column":6},"end":{"line":32,"column":33}},"13":{"start":{"line":14,"column":2},"end":{"line":16,"column":null}},"14":{"start":{"line":19,"column":2},"end":{"line":21,"column":null}},"15":{"start":{"line":24,"column":2},"end":{"line":34,"column":null}},"16":{"start":{"line":5,"column":0},"end":{"line":5,"column":13}}},"fnMap":{"0":{"name":"(anonymous_1)","decl":{"start":{"line":9,"column":2},"end":{"line":9,"column":14}},"loc":{"start":{"line":9,"column":34},"end":{"line":11,"column":3}}},"1":{"name":"(anonymous_2)","decl":{"start":{"line":14,"column":2},"end":{"line":14,"column":9}},"loc":{"start":{"line":14,"column":22},"end":{"line":16,"column":3}}},"2":{"name":"(anonymous_3)","decl":{"start":{"line":19,"column":2},"end":{"line":19,"column":9}},"loc":{"start":{"line":19,"column":22},"end":{"line":21,"column":3}}},"3":{"name":"(anonymous_4)","decl":{"start":{"line":20,"column":26},"end":{"line":20,"column":27}},"loc":{"start":{"line":20,"column":36},"end":{"line":20,"column":54}}},"4":{"name":"(anonymous_5)","decl":{"start":{"line":24,"column":2},"end":{"line":24,"column":12}},"loc":{"start":{"line":24,"column":25},"end":{"line":34,"column":3}}},"5":{"name":"(anonymous_6)","decl":{"start":{"line":28,"column":29},"end":{"line":28,"column":30}},"loc":{"start":{"line":28,"column":39},"end":{"line":28,"column":52}}}},"branchMap":{"0":{"loc":{"start":{"line":27,"column":4},"end":{"line":33,"column":null}},"type":"if","locations":[{"start":{"line":27,"column":4},"end":{"line":33,"column":null}},{"start":{"line":27,"column":4},"end":{"line":33,"column":null}}]}},"s":{"0":10,"1":10,"2":24,"3":24,"4":3,"5":3,"6":3,"7":1,"8":1,"9":1,"10":1,"11":1,"12":1,"13":10,"14":10,"15":10,"16":10},"f":{"0":24,"1":3,"2":3,"3":3,"4":1,"5":1},"b":{"0":[1,0]}}
,"/Users/ivandonato/react-typescript-mobx-todo-tdd/src/stores/helpers/storeContext.ts": {"path":"/Users/ivandonato/react-typescript-mobx-todo-tdd/src/stores/helpers/storeContext.ts","statementMap":{"0":{"start":{"line":1,"column":0},"end":{"line":1,"column":38}},"1":{"start":{"line":4,"column":13},"end":{"line":4,"column":70}},"2":{"start":{"line":5,"column":13},"end":{"line":5,"column":51}}},"fnMap":{},"branchMap":{},"s":{"0":3,"1":3,"2":3},"f":{},"b":{}}
,"/Users/ivandonato/react-typescript-mobx-todo-tdd/src/stores/helpers/useStore.ts": {"path":"/Users/ivandonato/react-typescript-mobx-todo-tdd/src/stores/helpers/useStore.ts","statementMap":{"0":{"start":{"line":1,"column":0},"end":{"line":1,"column":35}},"1":{"start":{"line":2,"column":0},"end":{"line":2,"column":46}},"2":{"start":{"line":5,"column":17},"end":{"line":7,"column":1}},"3":{"start":{"line":6,"column":2},"end":{"line":6,"column":34}},"4":{"start":{"line":9,"column":9},"end":{"line":9,"column":17}}},"fnMap":{"0":{"name":"(anonymous_0)","decl":{"start":{"line":5,"column":17},"end":{"line":5,"column":31}},"loc":{"start":{"line":5,"column":33},"end":{"line":7,"column":1}}}},"branchMap":{},"s":{"0":2,"1":2,"2":2,"3":2,"4":2},"f":{"0":2},"b":{}}
,"/Users/ivandonato/react-typescript-mobx-todo-tdd/src/stores/ui/globalView.ts": {"path":"/Users/ivandonato/react-typescript-mobx-todo-tdd/src/stores/ui/globalView.ts","statementMap":{"0":{"start":{"line":2,"column":0},"end":{"line":2,"column":30}},"1":{"start":{"line":4,"column":0},"end":{"line":4,"column":null}},"2":{"start":{"line":5,"column":2},"end":{"line":5,"column":null}},"3":{"start":{"line":6,"column":2},"end":{"line":6,"column":null}},"4":{"start":{"line":10,"column":2},"end":{"line":10,"column":35}},"5":{"start":{"line":15,"column":4},"end":{"line":15,"column":28}},"6":{"start":{"line":14,"column":2},"end":{"line":16,"column":null}},"7":{"start":{"line":9,"column":0},"end":{"line":9,"column":13}}},"fnMap":{"0":{"name":"(anonymous_1)","decl":{"start":{"line":4,"column":0},"end":{"line":4,"column":12}},"loc":{"start":{"line":4,"column":17},"end":{"line":7,"column":1}}},"1":{"name":"(anonymous_2)","decl":{"start":{"line":11,"column":2},"end":{"line":11,"column":14}},"loc":{"start":{"line":11,"column":34},"end":{"line":11,"column":38}}},"2":{"name":"(anonymous_3)","decl":{"start":{"line":14,"column":2},"end":{"line":14,"column":9}},"loc":{"start":{"line":14,"column":21},"end":{"line":16,"column":3}}}},"branchMap":{"0":{"loc":{"start":{"line":4,"column":12},"end":{"line":4,"column":17}},"type":"binary-expr","locations":[{"start":{"line":4,"column":12},"end":{"line":4,"column":17}},{"start":{"line":4,"column":12},"end":{"line":4,"column":null}}]}},"s":{"0":9,"1":9,"2":9,"3":9,"4":23,"5":1,"6":9,"7":9},"f":{"0":9,"1":23,"2":1},"b":{"0":[9,9]}}
,"/Users/ivandonato/react-typescript-mobx-todo-tdd/src/stores/ui/uiStore.ts": {"path":"/Users/ivandonato/react-typescript-mobx-todo-tdd/src/stores/ui/uiStore.ts","statementMap":{"0":{"start":{"line":2,"column":0},"end":{"line":2,"column":42}},"1":{"start":{"line":6,"column":4},"end":{"line":6,"column":48}},"2":{"start":{"line":3,"column":0},"end":{"line":3,"column":13}}},"fnMap":{"0":{"name":"(anonymous_0)","decl":{"start":{"line":5,"column":2},"end":{"line":5,"column":14}},"loc":{"start":{"line":5,"column":34},"end":{"line":7,"column":3}}}},"branchMap":{},"s":{"0":9,"1":21,"2":9},"f":{"0":21},"b":{}}
}
