TN:
SF:src/components/App.tsx
FN:5,(anonymous_1)
FNF:1
FNH:1
FNDA:1,(anonymous_1)
DA:1,1
DA:2,1
DA:3,1
DA:5,1
DA:6,1
DA:9,1
LF:6
LH:6
BRF:0
BRH:0
end_of_record
TN:
SF:src/components/todo/TodoComponent.tsx
FN:8,(anonymous_6)
FN:17,(anonymous_7)
FN:23,(anonymous_8)
FN:27,(anonymous_9)
FNF:4
FNH:4
FNDA:29,(anonymous_6)
FNDA:20,(anonymous_7)
FNDA:1,(anonymous_8)
FNDA:3,(anonymous_9)
DA:1,3
DA:8,3
DA:9,29
DA:10,29
DA:11,29
DA:17,20
DA:23,1
DA:27,3
DA:37,3
LF:9
LH:9
BRDA:14,0,0,23
BRDA:14,0,1,6
BRDA:23,1,0,23
BRDA:23,1,1,6
BRF:4
BRH:4
end_of_record
TN:
SF:src/components/todoList/TodoList.tsx
FN:6,(anonymous_1)
FN:11,(anonymous_2)
FN:15,(anonymous_3)
FNF:3
FNH:2
FNDA:2,(anonymous_1)
FNDA:2,(anonymous_2)
FNDA:0,(anonymous_3)
DA:1,2
DA:2,2
DA:3,2
DA:4,2
DA:6,2
DA:9,2
DA:11,2
DA:12,2
DA:16,0
DA:23,2
LF:10
LH:9
BRF:0
BRH:0
end_of_record
TN:
SF:src/stores/rootStore.ts
FN:8,(anonymous_0)
FNF:1
FNH:1
FNDA:20,(anonymous_0)
DA:1,9
DA:2,9
DA:4,9
DA:9,20
DA:10,20
LF:5
LH:5
BRF:0
BRH:0
end_of_record
TN:
SF:src/stores/data/dataStore.ts
FN:7,(anonymous_0)
FNF:1
FNH:1
FNDA:21,(anonymous_0)
DA:2,10
DA:3,10
DA:4,10
DA:8,21
DA:9,21
LF:5
LH:5
BRF:0
BRH:0
end_of_record
TN:
SF:src/stores/data/todos/todo.ts
FN:18,(anonymous_1)
FN:25,(anonymous_2)
FN:30,(anonymous_3)
FN:35,(anonymous_4)
FNF:4
FNH:4
FNDA:16,(anonymous_1)
FNDA:1,(anonymous_2)
FNDA:4,(anonymous_3)
FNDA:1,(anonymous_4)
DA:1,11
DA:4,11
DA:6,11
DA:8,16
DA:10,11
DA:12,16
DA:14,11
DA:19,16
DA:20,16
DA:21,16
DA:25,11
DA:26,1
DA:30,11
DA:31,4
DA:35,11
DA:36,1
LF:16
LH:16
BRF:0
BRH:0
end_of_record
TN:
SF:src/stores/data/todos/todoStore.ts
FN:9,(anonymous_1)
FN:14,(anonymous_2)
FN:18,(anonymous_3)
FN:19,(anonymous_4)
FN:23,(anonymous_5)
FN:34,(anonymous_6)
FN:35,(anonymous_7)
FN:39,(anonymous_8)
FN:40,(anonymous_9)
FNF:9
FNH:9
FNDA:35,(anonymous_1)
FNDA:7,(anonymous_2)
FNDA:4,(anonymous_3)
FNDA:4,(anonymous_4)
FNDA:2,(anonymous_5)
FNDA:1,(anonymous_6)
FNDA:1,(anonymous_7)
FNDA:1,(anonymous_8)
FNDA:1,(anonymous_9)
DA:2,11
DA:3,11
DA:5,11
DA:6,35
DA:10,35
DA:14,11
DA:15,7
DA:19,4
DA:23,11
DA:24,2
DA:26,2
DA:27,2
DA:29,2
DA:34,11
DA:35,1
DA:39,11
DA:40,1
LF:17
LH:17
BRDA:26,0,0,2
BRDA:26,0,1,0
BRF:2
BRH:1
end_of_record
TN:
SF:src/stores/data/users/user.ts
FN:15,(anonymous_1)
FN:21,(anonymous_2)
FN:23,(anonymous_3)
FNF:3
FNH:3
FNDA:5,(anonymous_1)
FNDA:3,(anonymous_2)
FNDA:3,(anonymous_3)
DA:1,10
DA:5,10
DA:6,10
DA:8,10
DA:11,10
DA:16,5
DA:17,5
DA:21,10
DA:22,3
DA:23,3
LF:10
LH:10
BRF:0
BRH:0
end_of_record
TN:
SF:src/stores/data/users/userStore.ts
FN:9,(anonymous_1)
FN:14,(anonymous_2)
FN:19,(anonymous_3)
FN:20,(anonymous_4)
FN:24,(anonymous_5)
FN:28,(anonymous_6)
FNF:6
FNH:6
FNDA:24,(anonymous_1)
FNDA:3,(anonymous_2)
FNDA:3,(anonymous_3)
FNDA:3,(anonymous_4)
FNDA:1,(anonymous_5)
FNDA:1,(anonymous_6)
DA:2,10
DA:3,10
DA:5,10
DA:6,24
DA:10,24
DA:14,10
DA:15,3
DA:19,10
DA:20,3
DA:24,10
DA:25,1
DA:27,1
DA:28,1
DA:30,1
DA:32,1
LF:15
LH:15
BRDA:27,0,0,1
BRDA:27,0,1,0
BRF:2
BRH:1
end_of_record
TN:
SF:src/stores/helpers/storeContext.ts
FNF:0
FNH:0
DA:1,3
DA:4,3
DA:5,3
LF:3
LH:3
BRF:0
BRH:0
end_of_record
TN:
SF:src/stores/helpers/useStore.ts
FN:5,(anonymous_0)
FNF:1
FNH:1
FNDA:2,(anonymous_0)
DA:1,2
DA:2,2
DA:5,2
DA:6,2
DA:9,2
LF:5
LH:5
BRF:0
BRH:0
end_of_record
TN:
SF:src/stores/ui/globalView.ts
FN:4,(anonymous_1)
FN:11,(anonymous_2)
FN:14,(anonymous_3)
FNF:3
FNH:3
FNDA:9,(anonymous_1)
FNDA:23,(anonymous_2)
FNDA:1,(anonymous_3)
DA:2,9
DA:4,9
DA:5,9
DA:6,9
DA:9,9
DA:10,23
DA:14,9
DA:15,1
LF:8
LH:8
BRDA:4,0,0,9
BRDA:4,0,1,9
BRF:2
BRH:2
end_of_record
TN:
SF:src/stores/ui/uiStore.ts
FN:5,(anonymous_0)
FNF:1
FNH:1
FNDA:21,(anonymous_0)
DA:2,9
DA:3,9
DA:6,21
LF:3
LH:3
BRF:0
BRH:0
end_of_record
